<?xml version="1.0" encoding="UTF-8"?>
<testsuite xmlns:xsi="http://www.w3.org/2001/XMLSchema-instance" xsi:noNamespaceSchemaLocation="https://maven.apache.org/surefire/maven-surefire-plugin/xsd/surefire-test-report-3.0.xsd" version="3.0" name="com.example.shop.payment.ProxyPaymentGatewayTest" time="0.001" tests="2" errors="0" skipped="0" failures="0">
  <properties>
[...]
</properties>
  <testcase name="differentOrdersAreChargedSeparately" classname="com.example.shop.payment.ProxyPaymentGatewayTest" time="0.001">
    <system-out><![CDATA[[Proxy] Cache miss for O1, charging acquirer...
[Proxy] Cache miss for O2, charging acquirer...
]]></system-out>
  </testcase>
  <testcase name="repeatedOrdersAreServedFromCache" classname="com.example.shop.payment.ProxyPaymentGatewayTest" time="0.0">
    <system-out><![CDATA[[Proxy] Cache miss for O1, charging acquirer...
]]></system-out>
  </testcase>
</testsuite>